<?xml version="1.0" encoding="UTF-8"?>
<!-- Generated by org.testng.reporters.JUnitXMLReporter -->
<testsuite hostname="SYSVINEL007" ignored="0" name="runProjectsOpenJobs" tests="6" failures="2" timestamp="06 May 2019 11:20:45 GMT" time="73.806" errors="0">
  <testcase name="projects" time="13.858" classname="com.turbopro.projectsmenu.ProjectsOpenJobs"/>
  <testcase name="openJobsInProjects" time="0.656" classname="com.turbopro.projectsmenu.ProjectsOpenJobs"/>
  <testcase name="sortingInOpenJobs" time="44.262" classname="com.turbopro.projectsmenu.ProjectsOpenJobs"/>
  <testcase name="viewOpenJobsByDateRange" time="6.479" classname="com.turbopro.projectsmenu.ProjectsOpenJobs"/>
  <testcase name="viewOpenJobsForSpecCustomer" time="4.04" classname="com.turbopro.projectsmenu.ProjectsOpenJobs">
    <failure type="java.lang.IndexOutOfBoundsException" message="Index: 84, Size: 84">
      <![CDATA[java.lang.IndexOutOfBoundsException: Index: 84, Size: 84
at java.util.ArrayList.rangeCheck(Unknown Source)
at java.util.ArrayList.get(Unknown Source)
at com.turbopro.projectsmenu.ProjectsOpenJobs.viewOpenJobsForSpecCustomer(ProjectsOpenJobs.java:149)
... Removed 25 stack frames]]>
    </failure>
  </testcase> <!-- viewOpenJobsForSpecCustomer -->
  <testcase name="navigatePagesInOpenJobs" time="0.158" classname="com.turbopro.projectsmenu.ProjectsOpenJobs">
    <failure type="org.openqa.selenium.WebDriverException" message="unknown error: Element &amp;lt;button id=&amp;quot;Button1Id&amp;quot; type=&amp;quot;button&amp;quot; class=&amp;quot;titlebutton ui-button ui-widget ui-state-default ui-corner-all ui-button-text-only&amp;quot; role=&amp;quot;button&amp;quot; onclick=&amp;quot;openJobsDialog()&amp;quot;&amp;gt;...&amp;lt;/button&amp;gt; is not clickable at point (880, 436). Other element would receive the click: &amp;lt;td role=&amp;quot;gridcell&amp;quot; style=&amp;quot;&amp;quot; title=&amp;quot;...&amp;quot; aria-describedby=&amp;quot;openJobsGridpop_jobNumber&amp;quot;&amp;gt;MRW190401&amp;lt;/td&amp;gt;
  (Session info: chrome=73.0.3683.103)
  (Driver info: chromedriver=2.37.544315 (730aa6a5fdba159ac9f4c1e8cbc59bf1b5ce12b7),platform=Windows NT 10.0.17134 x86_64) (WARNING: The server did not provide any stacktrace information)
Command duration or timeout: 0 milliseconds
Build info: version: &amp;apos;3.9.1&amp;apos;, revision: &amp;apos;63f7b50&amp;apos;, time: &amp;apos;2018-02-07T22:42:28.403Z&amp;apos;
System info: host: &amp;apos;SYSVINEL007&amp;apos;, ip: &amp;apos;172.30.50.37&amp;apos;, os.name: &amp;apos;Windows 10&amp;apos;, os.arch: &amp;apos;amd64&amp;apos;, os.version: &amp;apos;10.0&amp;apos;, java.version: &amp;apos;1.8.0_181&amp;apos;
Driver info: org.openqa.selenium.chrome.ChromeDriver
Capabilities {acceptInsecureCerts: false, acceptSslCerts: false, applicationCacheEnabled: false, browserConnectionEnabled: false, browserName: chrome, chrome: {chromedriverVersion: 2.37.544315 (730aa6a5fdba15..., userDataDir: C:\Users\SATHIS~1\AppData\L...}, cssSelectorsEnabled: true, databaseEnabled: false, handlesAlerts: true, hasTouchScreen: false, javascriptEnabled: true, locationContextEnabled: true, mobileEmulationEnabled: false, nativeEvents: true, networkConnectionEnabled: false, pageLoadStrategy: normal, platform: XP, platformName: XP, rotatable: false, setWindowRect: true, takesHeapSnapshot: true, takesScreenshot: true, unexpectedAlertBehaviour: , unhandledPromptBehavior: , version: 73.0.3683.103, webStorageEnabled: true}
Session ID: da3e5cc9f6630ae4b268f355dddc7766">
      <![CDATA[org.openqa.selenium.WebDriverException: unknown error: Element <button id="Button1Id" type="button" class="titlebutton ui-button ui-widget ui-state-default ui-corner-all ui-button-text-only" role="button" onclick="openJobsDialog()">...</button> is not clickable at point (880, 436). Other element would receive the click: <td role="gridcell" style="" title="..." aria-describedby="openJobsGridpop_jobNumber">MRW190401</td>
  (Session info: chrome=73.0.3683.103)
  (Driver info: chromedriver=2.37.544315 (730aa6a5fdba159ac9f4c1e8cbc59bf1b5ce12b7),platform=Windows NT 10.0.17134 x86_64) (WARNING: The server did not provide any stacktrace information)
Command duration or timeout: 0 milliseconds
Build info: version: '3.9.1', revision: '63f7b50', time: '2018-02-07T22:42:28.403Z'
System info: host: 'SYSVINEL007', ip: '172.30.50.37', os.name: 'Windows 10', os.arch: 'amd64', os.version: '10.0', java.version: '1.8.0_181'
Driver info: org.openqa.selenium.chrome.ChromeDriver
Capabilities {acceptInsecureCerts: false, acceptSslCerts: false, applicationCacheEnabled: false, browserConnectionEnabled: false, browserName: chrome, chrome: {chromedriverVersion: 2.37.544315 (730aa6a5fdba15..., userDataDir: C:\Users\SATHIS~1\AppData\L...}, cssSelectorsEnabled: true, databaseEnabled: false, handlesAlerts: true, hasTouchScreen: false, javascriptEnabled: true, locationContextEnabled: true, mobileEmulationEnabled: false, nativeEvents: true, networkConnectionEnabled: false, pageLoadStrategy: normal, platform: XP, platformName: XP, rotatable: false, setWindowRect: true, takesHeapSnapshot: true, takesScreenshot: true, unexpectedAlertBehaviour: , unhandledPromptBehavior: , version: 73.0.3683.103, webStorageEnabled: true}
Session ID: da3e5cc9f6630ae4b268f355dddc7766
at org.openqa.selenium.remote.ErrorHandler.createThrowable(ErrorHandler.java:214)
at org.openqa.selenium.remote.ErrorHandler.throwIfResponseFailed(ErrorHandler.java:166)
at org.openqa.selenium.remote.http.JsonHttpResponseCodec.reconstructValue(JsonHttpResponseCodec.java:40)
at org.openqa.selenium.remote.http.AbstractHttpResponseCodec.decode(AbstractHttpResponseCodec.java:80)
at org.openqa.selenium.remote.http.AbstractHttpResponseCodec.decode(AbstractHttpResponseCodec.java:44)
at org.openqa.selenium.remote.HttpCommandExecutor.execute(HttpCommandExecutor.java:160)
at org.openqa.selenium.remote.service.DriverCommandExecutor.execute(DriverCommandExecutor.java:83)
at org.openqa.selenium.remote.RemoteWebDriver.execute(RemoteWebDriver.java:601)
at org.openqa.selenium.remote.RemoteWebElement.execute(RemoteWebElement.java:279)
at org.openqa.selenium.remote.RemoteWebElement.click(RemoteWebElement.java:83)
at com.turbopro.projectsmenu.ProjectsOpenJobs.navigatePagesInOpenJobs(ProjectsOpenJobs.java:164)
... Removed 29 stack frames]]>
    </failure>
  </testcase> <!-- navigatePagesInOpenJobs -->
</testsuite> <!-- runProjectsOpenJobs -->
