<?xml version="1.0" encoding="UTF-8"?>
<!-- Generated by org.testng.reporters.JUnitXMLReporter -->
<testsuite hostname="SYSVINEL007" ignored="4" name="runVendorInvoicesAndBills" tests="15" failures="1" timestamp="06 Feb 2019 11:29:40 GMT" time="364.719" errors="0">
  <testcase name="vendorInvoices" time="37.689" classname="com.turbopro.vendors.VendorInvoicesAndBills"/>
  <testcase name="sortVendorInvoices" time="41.179" classname="com.turbopro.vendors.VendorInvoicesAndBills"/>
  <testcase name="createVendorInvoice" time="15.917" classname="com.turbopro.vendors.VendorInvoicesAndBills"/>
  <testcase name="openAndCloseEnterPOPopup" time="0.823" classname="com.turbopro.vendors.VendorInvoicesAndBills"/>
  <testcase name="searchVendorInvoice" time="7.612" classname="com.turbopro.vendors.VendorInvoicesAndBills"/>
  <testcase name="resetVendorInvoiceSearch" time="5.865" classname="com.turbopro.vendors.VendorInvoicesAndBills"/>
  <testcase name="viewVendorInvoiceByDateRange" time="10.529" classname="com.turbopro.vendors.VendorInvoicesAndBills"/>
  <testcase name="viewAccountsPayable" time="27.098" classname="com.turbopro.vendors.VendorInvoicesAndBills"/>
  <testcase name="dwldAccPayCsvWithVendorSubtotal" time="8.5" classname="com.turbopro.vendors.VendorInvoicesAndBills"/>
  <testcase name="dwldAccPayCsvWithoutVendorSubtotal" time="11.457" classname="com.turbopro.vendors.VendorInvoicesAndBills"/>
  <testcase name="viewAccountsPayableByDateRange" time="122.943" classname="com.turbopro.vendors.VendorInvoicesAndBills">
    <failure type="org.openqa.selenium.TimeoutException" message="Expected condition failed: waiting for visibility of element located by By.xpath: //table[@id=&amp;apos;accountsPayableGrid&amp;apos;]/tbody/tr[@id=&amp;apos;1&amp;apos;]/td[6] (tried for 120 second(s) with 500 MILLISECONDS interval)
Build info: version: &amp;apos;3.9.1&amp;apos;, revision: &amp;apos;63f7b50&amp;apos;, time: &amp;apos;2018-02-07T22:42:28.403Z&amp;apos;
System info: host: &amp;apos;SYSVINEL007&amp;apos;, ip: &amp;apos;172.30.150.11&amp;apos;, os.name: &amp;apos;Windows 10&amp;apos;, os.arch: &amp;apos;amd64&amp;apos;, os.version: &amp;apos;10.0&amp;apos;, java.version: &amp;apos;1.8.0_181&amp;apos;
Driver info: org.openqa.selenium.chrome.ChromeDriver
Capabilities {acceptInsecureCerts: false, acceptSslCerts: false, applicationCacheEnabled: false, browserConnectionEnabled: false, browserName: chrome, chrome: {chromedriverVersion: 2.37.544315 (730aa6a5fdba15..., userDataDir: C:\Users\SATHIS~1\AppData\L...}, cssSelectorsEnabled: true, databaseEnabled: false, handlesAlerts: true, hasTouchScreen: false, javascriptEnabled: true, locationContextEnabled: true, mobileEmulationEnabled: false, nativeEvents: true, networkConnectionEnabled: false, pageLoadStrategy: normal, platform: XP, platformName: XP, rotatable: false, setWindowRect: true, takesHeapSnapshot: true, takesScreenshot: true, unexpectedAlertBehaviour: , unhandledPromptBehavior: , version: 72.0.3626.81, webStorageEnabled: true}
Session ID: 8e33e79df4d97b66d71423ea4ed2861e">
      <![CDATA[org.openqa.selenium.TimeoutException: Expected condition failed: waiting for visibility of element located by By.xpath: //table[@id='accountsPayableGrid']/tbody/tr[@id='1']/td[6] (tried for 120 second(s) with 500 MILLISECONDS interval)
Build info: version: '3.9.1', revision: '63f7b50', time: '2018-02-07T22:42:28.403Z'
System info: host: 'SYSVINEL007', ip: '172.30.150.11', os.name: 'Windows 10', os.arch: 'amd64', os.version: '10.0', java.version: '1.8.0_181'
Driver info: org.openqa.selenium.chrome.ChromeDriver
Capabilities {acceptInsecureCerts: false, acceptSslCerts: false, applicationCacheEnabled: false, browserConnectionEnabled: false, browserName: chrome, chrome: {chromedriverVersion: 2.37.544315 (730aa6a5fdba15..., userDataDir: C:\Users\SATHIS~1\AppData\L...}, cssSelectorsEnabled: true, databaseEnabled: false, handlesAlerts: true, hasTouchScreen: false, javascriptEnabled: true, locationContextEnabled: true, mobileEmulationEnabled: false, nativeEvents: true, networkConnectionEnabled: false, pageLoadStrategy: normal, platform: XP, platformName: XP, rotatable: false, setWindowRect: true, takesHeapSnapshot: true, takesScreenshot: true, unexpectedAlertBehaviour: , unhandledPromptBehavior: , version: 72.0.3626.81, webStorageEnabled: true}
Session ID: 8e33e79df4d97b66d71423ea4ed2861e
at org.openqa.selenium.support.ui.WebDriverWait.timeoutException(WebDriverWait.java:82)
at org.openqa.selenium.support.ui.FluentWait.until(FluentWait.java:231)
at com.turbopro.vendors.VendorInvoicesAndBills.viewAccountsPayableByDateRange(VendorInvoicesAndBills.java:338)
... Removed 25 stack frames]]>
    </failure>
  </testcase> <!-- viewAccountsPayableByDateRange -->
  <testcase name="viewNoCustomerInvoice" time="1.802" classname="com.turbopro.vendors.VendorInvoicesAndBills"/>
  <testcase name="viewNoCustomerInvoiceByDate" time="8.75" classname="com.turbopro.vendors.VendorInvoicesAndBills"/>
  <testcase name="printNoCustomerInvoice" time="26.716" classname="com.turbopro.vendors.VendorInvoicesAndBills"/>
  <testcase name="accessInvoiceFromNoCustomerInvoice" time="10.71" classname="com.turbopro.vendors.VendorInvoicesAndBills"/>
  <testcase name="createVendorInvoiceForPurchaseOrder" time="0.0" classname="com.turbopro.vendors.VendorInvoicesAndBills">
    <ignored/>
  </testcase> <!-- createVendorInvoiceForPurchaseOrder -->
  <testcase name="viewPurchasingSummary" time="0.0" classname="com.turbopro.vendors.VendorInvoicesAndBills">
    <ignored/>
  </testcase> <!-- viewPurchasingSummary -->
  <testcase name="editVendorInvoiceAndClose" time="0.0" classname="com.turbopro.vendors.VendorInvoicesAndBills">
    <ignored/>
  </testcase> <!-- editVendorInvoiceAndClose -->
  <testcase name="updateVendorInvoiceNumber" time="0.0" classname="com.turbopro.vendors.VendorInvoicesAndBills">
    <ignored/>
  </testcase> <!-- updateVendorInvoiceNumber -->
</testsuite> <!-- runVendorInvoicesAndBills -->
