<?xml version="1.0" encoding="UTF-8"?>
<testsuite name="runVendorInvoicesAndBills"
           tests="15"
           failures="1"
           errors="0"
           skipped="0"
           time="337.590">
  <properties />
            <testcase name="viewAccountsPayableByDateRange" time="122.943" classname="com.turbopro.vendors.VendorInvoicesAndBills">
                <failure type="org.openqa.selenium.TimeoutException"
                  message="Expected condition failed: waiting for visibility of element located by By.xpath: //table[@id=&apos;accountsPayableGrid&apos;]/tbody/tr[@id=&apos;1&apos;]/td[6] (tried for 120 second(s) with 500 MILLISECONDS interval)
Build info: version: &apos;3.9.1&apos;, revision: &apos;63f7b50&apos;, time: &apos;2018-02-07T22:42:28.403Z&apos;
System info: host: &apos;SYSVINEL007&apos;, ip: &apos;172.30.150.11&apos;, os.name: &apos;Windows 10&apos;, os.arch: &apos;amd64&apos;, os.version: &apos;10.0&apos;, java.version: &apos;1.8.0_181&apos;
Driver info: org.openqa.selenium.chrome.ChromeDriver
Capabilities {acceptInsecureCerts: false, acceptSslCerts: false, applicationCacheEnabled: false, browserConnectionEnabled: false, browserName: chrome, chrome: {chromedriverVersion: 2.37.544315 (730aa6a5fdba15..., userDataDir: C:\Users\SATHIS~1\AppData\L...}, cssSelectorsEnabled: true, databaseEnabled: false, handlesAlerts: true, hasTouchScreen: false, javascriptEnabled: true, locationContextEnabled: true, mobileEmulationEnabled: false, nativeEvents: true, networkConnectionEnabled: false, pageLoadStrategy: normal, platform: XP, platformName: XP, rotatable: false, setWindowRect: true, takesHeapSnapshot: true, takesScreenshot: true, unexpectedAlertBehaviour: , unhandledPromptBehavior: , version: 72.0.3626.81, webStorageEnabled: true}
Session ID: 8e33e79df4d97b66d71423ea4ed2861e"
              >
<![CDATA[org.openqa.selenium.TimeoutException: Expected condition failed: waiting for visibility of element located by By.xpath: //table[@id='accountsPayableGrid']/tbody/tr[@id='1']/td[6] (tried for 120 second(s) with 500 MILLISECONDS interval)
Build info: version: '3.9.1', revision: '63f7b50', time: '2018-02-07T22:42:28.403Z'
System info: host: 'SYSVINEL007', ip: '172.30.150.11', os.name: 'Windows 10', os.arch: 'amd64', os.version: '10.0', java.version: '1.8.0_181'
Driver info: org.openqa.selenium.chrome.ChromeDriver
Capabilities {acceptInsecureCerts: false, acceptSslCerts: false, applicationCacheEnabled: false, browserConnectionEnabled: false, browserName: chrome, chrome: {chromedriverVersion: 2.37.544315 (730aa6a5fdba15..., userDataDir: C:\Users\SATHIS~1\AppData\L...}, cssSelectorsEnabled: true, databaseEnabled: false, handlesAlerts: true, hasTouchScreen: false, javascriptEnabled: true, locationContextEnabled: true, mobileEmulationEnabled: false, nativeEvents: true, networkConnectionEnabled: false, pageLoadStrategy: normal, platform: XP, platformName: XP, rotatable: false, setWindowRect: true, takesHeapSnapshot: true, takesScreenshot: true, unexpectedAlertBehaviour: , unhandledPromptBehavior: , version: 72.0.3626.81, webStorageEnabled: true}
Session ID: 8e33e79df4d97b66d71423ea4ed2861e
  org.openqa.selenium.support.ui.WebDriverWait.timeoutException(WebDriverWait.java:82)
  org.openqa.selenium.support.ui.FluentWait.until(FluentWait.java:231)
  com.turbopro.vendors.VendorInvoicesAndBills.viewAccountsPayableByDateRange(VendorInvoicesAndBills.java:338)
  sun.reflect.NativeMethodAccessorImpl.invoke0(Native Method)
  sun.reflect.NativeMethodAccessorImpl.invoke(Unknown Source)
  sun.reflect.DelegatingMethodAccessorImpl.invoke(Unknown Source)
  java.lang.reflect.Method.invoke(Unknown Source)
  org.testng.internal.MethodInvocationHelper.invokeMethod(MethodInvocationHelper.java:124)
  org.testng.internal.Invoker.invokeMethod(Invoker.java:580)
  org.testng.internal.Invoker.invokeTestMethod(Invoker.java:716)
  org.testng.internal.Invoker.invokeTestMethods(Invoker.java:988)
  org.testng.internal.TestMethodWorker.invokeTestMethods(TestMethodWorker.java:125)
  org.testng.internal.TestMethodWorker.run(TestMethodWorker.java:109)
  org.testng.TestRunner.privateRun(TestRunner.java:648)
  org.testng.TestRunner.run(TestRunner.java:505)
  org.testng.SuiteRunner.runTest(SuiteRunner.java:455)
  org.testng.SuiteRunner.runSequentially(SuiteRunner.java:450)
  org.testng.SuiteRunner.privateRun(SuiteRunner.java:415)
  org.testng.SuiteRunner.run(SuiteRunner.java:364)
  org.testng.SuiteRunnerWorker.runSuite(SuiteRunnerWorker.java:52)
  org.testng.SuiteRunnerWorker.run(SuiteRunnerWorker.java:84)
  org.testng.TestNG.runSuitesSequentially(TestNG.java:1208)
  org.testng.TestNG.runSuitesLocally(TestNG.java:1137)
  org.testng.TestNG.runSuites(TestNG.java:1049)
  org.testng.TestNG.run(TestNG.java:1017)
  org.testng.remote.AbstractRemoteTestNG.run(AbstractRemoteTestNG.java:114)
  org.testng.remote.RemoteTestNG.initAndRun(RemoteTestNG.java:251)
  org.testng.remote.RemoteTestNG.main(RemoteTestNG.java:77)
]]>
      </failure>

          </testcase>
  
  
            <testcase name="resetVendorInvoiceSearch" time="5.865" classname="com.turbopro.vendors.VendorInvoicesAndBills" />
                <testcase name="viewNoCustomerInvoice" time="1.802" classname="com.turbopro.vendors.VendorInvoicesAndBills" />
                <testcase name="createVendorInvoice" time="15.917" classname="com.turbopro.vendors.VendorInvoicesAndBills" />
                <testcase name="vendorInvoices" time="37.689" classname="com.turbopro.vendors.VendorInvoicesAndBills" />
                <testcase name="viewAccountsPayable" time="27.098" classname="com.turbopro.vendors.VendorInvoicesAndBills" />
                <testcase name="searchVendorInvoice" time="7.612" classname="com.turbopro.vendors.VendorInvoicesAndBills" />
                <testcase name="viewNoCustomerInvoiceByDate" time="8.750" classname="com.turbopro.vendors.VendorInvoicesAndBills" />
                <testcase name="printNoCustomerInvoice" time="26.716" classname="com.turbopro.vendors.VendorInvoicesAndBills" />
                <testcase name="accessInvoiceFromNoCustomerInvoice" time="10.710" classname="com.turbopro.vendors.VendorInvoicesAndBills" />
                <testcase name="openAndCloseEnterPOPopup" time="0.823" classname="com.turbopro.vendors.VendorInvoicesAndBills" />
                <testcase name="sortVendorInvoices" time="41.179" classname="com.turbopro.vendors.VendorInvoicesAndBills" />
                <testcase name="dwldAccPayCsvWithoutVendorSubtotal" time="11.457" classname="com.turbopro.vendors.VendorInvoicesAndBills" />
                <testcase name="dwldAccPayCsvWithVendorSubtotal" time="8.500" classname="com.turbopro.vendors.VendorInvoicesAndBills" />
                <testcase name="viewVendorInvoiceByDateRange" time="10.529" classname="com.turbopro.vendors.VendorInvoicesAndBills" />
      
</testsuite>
