<?xml version="1.0" encoding="UTF-8"?>
<!-- Generated by org.testng.reporters.JUnitReportReporter -->
<testsuite skipped="4" hostname="SYSVINEL007" name="com.turbopro.vendors.VendorInvoicesAndBills" tests="19" failures="0" timestamp="06 Feb 2019 11:32:53 GMT" time="337.590" errors="1">
  <testcase name="vendorInvoices" time="37.689" classname="com.turbopro.vendors.VendorInvoicesAndBills"/>
  <testcase name="sortVendorInvoices" time="41.179" classname="com.turbopro.vendors.VendorInvoicesAndBills"/>
  <testcase name="createVendorInvoice" time="15.917" classname="com.turbopro.vendors.VendorInvoicesAndBills"/>
  <testcase name="openAndCloseEnterPOPopup" time="0.823" classname="com.turbopro.vendors.VendorInvoicesAndBills"/>
  <testcase name="searchVendorInvoice" time="7.612" classname="com.turbopro.vendors.VendorInvoicesAndBills"/>
  <testcase name="resetVendorInvoiceSearch" time="5.865" classname="com.turbopro.vendors.VendorInvoicesAndBills"/>
  <testcase name="viewVendorInvoiceByDateRange" time="10.529" classname="com.turbopro.vendors.VendorInvoicesAndBills"/>
  <testcase name="viewAccountsPayable" time="27.098" classname="com.turbopro.vendors.VendorInvoicesAndBills"/>
  <testcase name="dwldAccPayCsvWithVendorSubtotal" time="8.500" classname="com.turbopro.vendors.VendorInvoicesAndBills"/>
  <testcase name="dwldAccPayCsvWithoutVendorSubtotal" time="11.457" classname="com.turbopro.vendors.VendorInvoicesAndBills"/>
  <testcase name="viewAccountsPayableByDateRange" time="122.943" classname="com.turbopro.vendors.VendorInvoicesAndBills">
    <error type="org.openqa.selenium.TimeoutException" message="Expected condition failed: waiting for visibility of element located by By.xpath: //table[@id=&#039;accountsPayableGrid&#039;]/tbody/tr[@id=&#039;1&#039;]/td[6] (tried for 120 second(s) with 500 MILLISECONDS interval)
Build info: version: &#039;3.9.1&#039;, revision: &#039;63f7b50&#039;, time: &#039;2018-02-07T22:42:28.403Z&#039;
System info: host: &#039;SYSVINEL007&#039;, ip: &#039;172.30.150.11&#039;, os.name: &#039;Windows 10&#039;, os.arch: &#039;amd64&#039;, os.version: &#039;10.0&#039;, java.version: &#039;1.8.0_181&#039;
Driver info: org.openqa.selenium.chrome.ChromeDriver
Capabilities {acceptInsecureCerts: false, acceptSslCerts: false, applicationCacheEnabled: false, browserConnectionEnabled: false, browserName: chrome, chrome: {chromedriverVersion: 2.37.544315 (730aa6a5fdba15..., userDataDir: C:\Users\SATHIS~1\AppData\L...}, cssSelectorsEnabled: true, databaseEnabled: false, handlesAlerts: true, hasTouchScreen: false, javascriptEnabled: true, locationContextEnabled: true, mobileEmulationEnabled: false, nativeEvents: true, networkConnectionEnabled: false, pageLoadStrategy: normal, platform: XP, platformName: XP, rotatable: false, setWindowRect: true, takesHeapSnapshot: true, takesScreenshot: true, unexpectedAlertBehaviour: , unhandledPromptBehavior: , version: 72.0.3626.81, webStorageEnabled: true}
Session ID: 8e33e79df4d97b66d71423ea4ed2861e">
      <![CDATA[org.openqa.selenium.TimeoutException: Expected condition failed: waiting for visibility of element located by By.xpath: //table[@id='accountsPayableGrid']/tbody/tr[@id='1']/td[6] (tried for 120 second(s) with 500 MILLISECONDS interval)
Build info: version: '3.9.1', revision: '63f7b50', time: '2018-02-07T22:42:28.403Z'
System info: host: 'SYSVINEL007', ip: '172.30.150.11', os.name: 'Windows 10', os.arch: 'amd64', os.version: '10.0', java.version: '1.8.0_181'
Driver info: org.openqa.selenium.chrome.ChromeDriver
Capabilities {acceptInsecureCerts: false, acceptSslCerts: false, applicationCacheEnabled: false, browserConnectionEnabled: false, browserName: chrome, chrome: {chromedriverVersion: 2.37.544315 (730aa6a5fdba15..., userDataDir: C:\Users\SATHIS~1\AppData\L...}, cssSelectorsEnabled: true, databaseEnabled: false, handlesAlerts: true, hasTouchScreen: false, javascriptEnabled: true, locationContextEnabled: true, mobileEmulationEnabled: false, nativeEvents: true, networkConnectionEnabled: false, pageLoadStrategy: normal, platform: XP, platformName: XP, rotatable: false, setWindowRect: true, takesHeapSnapshot: true, takesScreenshot: true, unexpectedAlertBehaviour: , unhandledPromptBehavior: , version: 72.0.3626.81, webStorageEnabled: true}
Session ID: 8e33e79df4d97b66d71423ea4ed2861e
at org.openqa.selenium.support.ui.WebDriverWait.timeoutException(WebDriverWait.java:82)
at org.openqa.selenium.support.ui.FluentWait.until(FluentWait.java:231)
at com.turbopro.vendors.VendorInvoicesAndBills.viewAccountsPayableByDateRange(VendorInvoicesAndBills.java:338)
at sun.reflect.NativeMethodAccessorImpl.invoke0(Native Method)
at sun.reflect.NativeMethodAccessorImpl.invoke(Unknown Source)
at sun.reflect.DelegatingMethodAccessorImpl.invoke(Unknown Source)
at java.lang.reflect.Method.invoke(Unknown Source)
at org.testng.internal.MethodInvocationHelper.invokeMethod(MethodInvocationHelper.java:124)
at org.testng.internal.Invoker.invokeMethod(Invoker.java:580)
at org.testng.internal.Invoker.invokeTestMethod(Invoker.java:716)
at org.testng.internal.Invoker.invokeTestMethods(Invoker.java:988)
at org.testng.internal.TestMethodWorker.invokeTestMethods(TestMethodWorker.java:125)
at org.testng.internal.TestMethodWorker.run(TestMethodWorker.java:109)
at org.testng.TestRunner.privateRun(TestRunner.java:648)
at org.testng.TestRunner.run(TestRunner.java:505)
at org.testng.SuiteRunner.runTest(SuiteRunner.java:455)
at org.testng.SuiteRunner.runSequentially(SuiteRunner.java:450)
at org.testng.SuiteRunner.privateRun(SuiteRunner.java:415)
at org.testng.SuiteRunner.run(SuiteRunner.java:364)
at org.testng.SuiteRunnerWorker.runSuite(SuiteRunnerWorker.java:52)
at org.testng.SuiteRunnerWorker.run(SuiteRunnerWorker.java:84)
at org.testng.TestNG.runSuitesSequentially(TestNG.java:1208)
at org.testng.TestNG.runSuitesLocally(TestNG.java:1137)
at org.testng.TestNG.runSuites(TestNG.java:1049)
at org.testng.TestNG.run(TestNG.java:1017)
at org.testng.remote.AbstractRemoteTestNG.run(AbstractRemoteTestNG.java:114)
at org.testng.remote.RemoteTestNG.initAndRun(RemoteTestNG.java:251)
at org.testng.remote.RemoteTestNG.main(RemoteTestNG.java:77)
]]>
    </error>
  </testcase> <!-- viewAccountsPayableByDateRange -->
  <testcase name="viewNoCustomerInvoice" time="1.802" classname="com.turbopro.vendors.VendorInvoicesAndBills"/>
  <testcase name="viewNoCustomerInvoiceByDate" time="8.750" classname="com.turbopro.vendors.VendorInvoicesAndBills"/>
  <testcase name="printNoCustomerInvoice" time="26.716" classname="com.turbopro.vendors.VendorInvoicesAndBills"/>
  <testcase name="accessInvoiceFromNoCustomerInvoice" time="10.710" classname="com.turbopro.vendors.VendorInvoicesAndBills"/>
  <testcase name="createVendorInvoiceForPurchaseOrder" classname="com.turbopro.vendors.VendorInvoicesAndBills">
    <skipped/>
  </testcase> <!-- createVendorInvoiceForPurchaseOrder -->
  <testcase name="viewPurchasingSummary" classname="com.turbopro.vendors.VendorInvoicesAndBills">
    <skipped/>
  </testcase> <!-- viewPurchasingSummary -->
  <testcase name="editVendorInvoiceAndClose" classname="com.turbopro.vendors.VendorInvoicesAndBills">
    <skipped/>
  </testcase> <!-- editVendorInvoiceAndClose -->
  <testcase name="updateVendorInvoiceNumber" classname="com.turbopro.vendors.VendorInvoicesAndBills">
    <skipped/>
  </testcase> <!-- updateVendorInvoiceNumber -->
</testsuite> <!-- com.turbopro.vendors.VendorInvoicesAndBills -->
